<?xml version="1.0" encoding="UTF-8"?>
<testsuite xmlns:xsi="http://www.w3.org/2001/XMLSchema-instance" xsi:noNamespaceSchemaLocation="https://maven.apache.org/surefire/maven-surefire-plugin/xsd/surefire-test-report-3.0.xsd" version="3.0" name="com.mycompany.chatapp.LoginTest" time="0.085" tests="14" errors="0" skipped="0" failures="0">
  <properties>
[...]
</properties>
  <testcase name="testCheckCellPhoneNumberIncorrect" classname="com.mycompany.chatapp.LoginTest" time="0.028"/>
  <testcase name="testCheckCellPhoneNumberCorrect" classname="com.mycompany.chatapp.LoginTest" time="0.002"/>
  <testcase name="testCheckPasswordComplexityCorrect" classname="com.mycompany.chatapp.LoginTest" time="0.001"/>
  <testcase name="testCheckUsernameIncorrect" classname="com.mycompany.chatapp.LoginTest" time="0.001"/>
  <testcase name="testPasswordDoesNotMeetComplexity" classname="com.mycompany.chatapp.LoginTest" time="0.001"/>
  <testcase name="testCellPhoneIncorrectlyFormatted" classname="com.mycompany.chatapp.LoginTest" time="0.001"/>
  <testcase name="testUsernameIncorrectlyFormatted" classname="com.mycompany.chatapp.LoginTest" time="0.001"/>
  <testcase name="testCheckUsernameCorrect" classname="com.mycompany.chatapp.LoginTest" time="0.001"/>
  <testcase name="testPasswordMeetsComplexity" classname="com.mycompany.chatapp.LoginTest" time="0.002"/>
  <testcase name="testCheckPasswordComplexityIncorrect" classname="com.mycompany.chatapp.LoginTest" time="0.001"/>
  <testcase name="testLoginFailed" classname="com.mycompany.chatapp.LoginTest" time="0.001"/>
  <testcase name="testCellPhoneCorrectlyFormatted" classname="com.mycompany.chatapp.LoginTest" time="0.001"/>
  <testcase name="testLoginSuccessful" classname="com.mycompany.chatapp.LoginTest" time="0.001"/>
  <testcase name="testUsernameCorrectlyFormatted" classname="com.mycompany.chatapp.LoginTest" time="0.0"/>
</testsuite>